# JRE version: OpenJDK Runtime Environment (21.0.5+11) (build 21.0.5+11-LTS)
# Java VM: OpenJDK 64-Bit Server VM (21.0.5+11-LTS, mixed mode, sharing, tiered, compressed oops, compressed class ptrs, g1 gc, windows-amd64)
GC Precious Log:
 CardTable entry size: 512
 Card Set container configuration: InlinePtr #cards 5 size 8 Array Of Cards #cards 12 size 40 Howl #buckets 4 coarsen threshold 1843 Howl Bitmap #cards 512 size 80 coarsen threshold 460 Card regions per heap region 1 cards per card region 2048
 CPUs: 16 total, 16 available
 Memory: 16110M
 Large Page Support: Disabled
 NUMA Support: Disabled
 Compressed Oops: Enabled (32-bit)
 Heap Region Size: 1M
 Heap Min Capacity: 8M
 Heap Initial Capacity: 252M
 Heap Max Capacity: 2G
 Pre-touch: Disabled
 Parallel Workers: 13
 Concurrent Workers: 3
 Concurrent Refinement Workers: 13
 Periodic GC: Disabled
Heap:
 garbage-first heap   total 346112K, used 296823K [0x0000000080000000, 0x0000000100000000)
  region size 1024K, 147 young (150528K), 15 survivors (15360K)
 Metaspace       used 128877K, committed 131008K, reserved 557056K
  class space    used 16808K, committed 17984K, reserved 425984K
GC Heap History (20 events):
Event: 1168.920 GC heap before
{Heap before GC invocations=68 (full 0):
 garbage-first heap   total 339968K, used 310412K [0x0000000080000000, 0x0000000100000000)
  region size 1024K, 131 young (134144K), 4 survivors (4096K)
 Metaspace       used 114691K, committed 117504K, reserved 557056K
  class space    used 15554K, committed 16960K, reserved 425984K
}
Event: 1168.930 GC heap after
{Heap after GC invocations=69 (full 0):
 garbage-first heap   total 339968K, used 195704K [0x0000000080000000, 0x0000000100000000)
  region size 1024K, 17 young (17408K), 17 survivors (17408K)
 Metaspace       used 114691K, committed 117504K, reserved 557056K
  class space    used 15554K, committed 16960K, reserved 425984K
}
Event: 2017.467 GC heap before
{Heap before GC invocations=69 (full 0):
 garbage-first heap   total 339968K, used 302200K [0x0000000080000000, 0x0000000100000000)
  region size 1024K, 122 young (124928K), 17 survivors (17408K)
 Metaspace       used 114857K, committed 117696K, reserved 557056K
  class space    used 15564K, committed 16960K, reserved 425984K
}
Event: 2017.561 GC heap after
{Heap after GC invocations=70 (full 0):
 garbage-first heap   total 339968K, used 184679K [0x0000000080000000, 0x0000000100000000)
  region size 1024K, 8 young (8192K), 8 survivors (8192K)
 Metaspace       used 114857K, committed 117696K, reserved 557056K
  class space    used 15564K, committed 16960K, reserved 425984K
}
Event: 2026.199 GC heap before
{Heap before GC invocations=70 (full 0):
 garbage-first heap   total 339968K, used 248167K [0x0000000080000000, 0x0000000100000000)
  region size 1024K, 72 young (73728K), 8 survivors (8192K)
 Metaspace       used 120514K, committed 123456K, reserved 557056K
  class space    used 16327K, committed 17792K, reserved 425984K
}
Event: 2026.212 GC heap after
{Heap after GC invocations=71 (full 0):
 garbage-first heap   total 339968K, used 189799K [0x0000000080000000, 0x0000000100000000)
  region size 1024K, 13 young (13312K), 13 survivors (13312K)
 Metaspace       used 120514K, committed 123456K, reserved 557056K
  class space    used 16327K, committed 17792K, reserved 425984K
}
Event: 2036.438 GC heap before
{Heap before GC invocations=72 (full 0):
 garbage-first heap   total 339968K, used 302439K [0x0000000080000000, 0x0000000100000000)
  region size 1024K, 127 young (130048K), 13 survivors (13312K)
 Metaspace       used 121743K, committed 124992K, reserved 557056K
  class space    used 16004K, committed 17856K, reserved 425984K
}
Event: 2036.454 GC heap after
{Heap after GC invocations=73 (full 0):
 garbage-first heap   total 339968K, used 194658K [0x0000000080000000, 0x0000000100000000)
  region size 1024K, 16 young (16384K), 16 survivors (16384K)
 Metaspace       used 121743K, committed 124992K, reserved 557056K
  class space    used 16004K, committed 17856K, reserved 425984K
}
Event: 2198.934 GC heap before
{Heap before GC invocations=73 (full 0):
 garbage-first heap   total 339968K, used 303202K [0x0000000080000000, 0x0000000100000000)
  region size 1024K, 123 young (125952K), 16 survivors (16384K)
 Metaspace       used 122088K, committed 125184K, reserved 557056K
  class space    used 16039K, committed 17856K, reserved 425984K
}
Event: 2198.959 GC heap after
{Heap after GC invocations=74 (full 0):
 garbage-first heap   total 346112K, used 184645K [0x0000000080000000, 0x0000000100000000)
  region size 1024K, 11 young (11264K), 11 survivors (11264K)
 Metaspace       used 122088K, committed 125184K, reserved 557056K
  class space    used 16039K, committed 17856K, reserved 425984K
}
Event: 2744.823 GC heap before
{Heap before GC invocations=74 (full 0):
 garbage-first heap   total 346112K, used 306501K [0x0000000080000000, 0x0000000100000000)
  region size 1024K, 130 young (133120K), 11 survivors (11264K)
 Metaspace       used 122337K, committed 125248K, reserved 557056K
  class space    used 16057K, committed 17856K, reserved 425984K
}
Event: 2744.904 GC heap after
{Heap after GC invocations=75 (full 0):
 garbage-first heap   total 346112K, used 181400K [0x0000000080000000, 0x0000000100000000)
  region size 1024K, 3 young (3072K), 3 survivors (3072K)
 Metaspace       used 122337K, committed 125248K, reserved 557056K
  class space    used 16057K, committed 17856K, reserved 425984K
}
Event: 2749.358 GC heap before
{Heap before GC invocations=75 (full 0):
 garbage-first heap   total 346112K, used 307352K [0x0000000080000000, 0x0000000100000000)
  region size 1024K, 127 young (130048K), 3 survivors (3072K)
 Metaspace       used 128040K, committed 130176K, reserved 557056K
  class space    used 16772K, committed 17984K, reserved 425984K
}
Event: 2749.386 GC heap after
{Heap after GC invocations=76 (full 0):
 garbage-first heap   total 346112K, used 193459K [0x0000000080000000, 0x0000000100000000)
  region size 1024K, 15 young (15360K), 15 survivors (15360K)
 Metaspace       used 128040K, committed 130176K, reserved 557056K
  class space    used 16772K, committed 17984K, reserved 425984K
}
Event: 2821.159 GC heap before
{Heap before GC invocations=77 (full 0):
 garbage-first heap   total 346112K, used 293811K [0x0000000080000000, 0x0000000100000000)
  region size 1024K, 130 young (133120K), 15 survivors (15360K)
 Metaspace       used 128238K, committed 130368K, reserved 557056K
  class space    used 16782K, committed 17984K, reserved 425984K
}
Event: 2821.165 GC heap after
{Heap after GC invocations=78 (full 0):
 garbage-first heap   total 346112K, used 171298K [0x0000000080000000, 0x0000000100000000)
  region size 1024K, 4 young (4096K), 4 survivors (4096K)
 Metaspace       used 128238K, committed 130368K, reserved 557056K
  class space    used 16782K, committed 17984K, reserved 425984K
}
Event: 2822.253 GC heap before
{Heap before GC invocations=78 (full 0):
 garbage-first heap   total 346112K, used 306466K [0x0000000080000000, 0x0000000100000000)
  region size 1024K, 137 young (140288K), 4 survivors (4096K)
 Metaspace       used 128479K, committed 130560K, reserved 557056K
  class space    used 16796K, committed 17984K, reserved 425984K
}
Event: 2822.272 GC heap after
{Heap after GC invocations=79 (full 0):
 garbage-first heap   total 346112K, used 164152K [0x0000000080000000, 0x0000000100000000)
  region size 1024K, 18 young (18432K), 18 survivors (18432K)
 Metaspace       used 128479K, committed 130560K, reserved 557056K
  class space    used 16796K, committed 17984K, reserved 425984K
}
Event: 2843.959 GC heap before
{Heap before GC invocations=79 (full 0):
 garbage-first heap   total 346112K, used 302392K [0x0000000080000000, 0x0000000100000000)
  region size 1024K, 154 young (157696K), 18 survivors (18432K)
 Metaspace       used 128690K, committed 130816K, reserved 557056K
  class space    used 16801K, committed 17984K, reserved 425984K
}
Event: 2843.967 GC heap after
{Heap after GC invocations=80 (full 0):
 garbage-first heap   total 346112K, used 163703K [0x0000000080000000, 0x0000000100000000)
  region size 1024K, 15 young (15360K), 15 survivors (15360K)
 Metaspace       used 128690K, committed 130816K, reserved 557056K
  class space    used 16801K, committed 17984K, reserved 425984K
}

